#
# A fatal error has been detected by the Java Runtime Environment:
#
#  Internal Error (javaClasses.cpp:127), pid=9284, tid=3624
#  fatal error: Invalid layout of preloaded class
#
# JRE version:  (8.0_40-b25) (build )
# Java VM: Java HotSpot(TM) 64-Bit Server VM (25.40-b25 mixed mode windows-amd64 compressed oops)
# Failed to write core dump. Minidumps are not enabled by default on client versions of Windows
#
# If you would like to submit a bug report, please visit:
#   http://bugreport.java.com/bugreport/crash.jsp
#

---------------  T H R E A D  ---------------

Current thread (0x0000000001fe0800):  JavaThread "Unknown thread" [_thread_in_vm, id=3624, stack(0x0000000001e00000,0x0000000001f00000)]

Stack: [0x0000000001e00000,0x0000000001f00000]
Native frames: (J=compiled Java code, j=interpreted, Vv=VM code, C=native code)
V  [jvm.dll+0x32b47a]
V  [jvm.dll+0x2797f3]
V  [jvm.dll+0x27a489]
V  [jvm.dll+0x271726]
V  [jvm.dll+0x67fd3]
V  [jvm.dll+0x680c3]
V  [jvm.dll+0x7d63a]
V  [jvm.dll+0x7d9a6]
V  [jvm.dll+0xf2077]
V  [jvm.dll+0xf2406]
V  [jvm.dll+0x20f107]
V  [jvm.dll+0x240d9a]
V  [jvm.dll+0x15b941]
C  [javaw.exe+0x217e]
C  [javaw.exe+0xcd17]
C  [javaw.exe+0xcdab]
C  [KERNEL32.DLL+0x18102]
C  [ntdll.dll+0x5c574]


---------------  P R O C E S S  ---------------

Java Threads: ( => current thread )

Other Threads:

=>0x0000000001fe0800 (exited) JavaThread "Unknown thread" [_thread_in_vm, id=3624, stack(0x0000000001e00000,0x0000000001f00000)]

VM state:not at safepoint (not fully initialized)

VM Mutex/Monitor currently owned by a thread: None

GC Heap History (0 events):
No events

Deoptimization events (0 events):
No events

Internal exceptions (0 events):
No events

Events (10 events):
Event: 0.020 loading class java/lang/CharSequence done
Event: 0.020 loading class java/lang/String done
Event: 0.020 loading class java/lang/Class
Event: 0.021 loading class java/lang/reflect/AnnotatedElement
Event: 0.021 loading class java/lang/reflect/AnnotatedElement done
Event: 0.021 loading class java/lang/reflect/GenericDeclaration
Event: 0.021 loading class java/lang/reflect/GenericDeclaration done
Event: 0.021 loading class java/lang/reflect/Type
Event: 0.021 loading class java/lang/reflect/Type done
Event: 0.021 loading class java/lang/Class done


Dynamic libraries:
0x00007ff6b15a0000 - 0x00007ff6b15d7000 	C:\Program Files\Java\jre1.8.0_40\bin\javaw.exe
0x00007ff9c1ec0000 - 0x00007ff9c2081000 	C:\WINDOWS\SYSTEM32\ntdll.dll
0x00007ff9c0750000 - 0x00007ff9c07fd000 	C:\WINDOWS\system32\KERNEL32.DLL
0x00007ff9b3680000 - 0x00007ff9b36b2000 	C:\Program Files (x86)\AVG\Av\avghooka.dll
0x00007ff9bd2f0000 - 0x00007ff9bd4d8000 	C:\WINDOWS\system32\KERNELBASE.dll
0x00007ff9c0b00000 - 0x00007ff9c0ba7000 	C:\WINDOWS\system32\ADVAPI32.dll
0x00007ff9c0800000 - 0x00007ff9c089d000 	C:\WINDOWS\system32\msvcrt.dll
0x00007ff9be010000 - 0x00007ff9be06b000 	C:\WINDOWS\system32\sechost.dll
0x00007ff9c08b0000 - 0x00007ff9c09cc000 	C:\WINDOWS\system32\RPCRT4.dll
0x00007ff9be4a0000 - 0x00007ff9be5f6000 	C:\WINDOWS\system32\USER32.dll
0x00007ff9c0060000 - 0x00007ff9c01e6000 	C:\WINDOWS\system32\GDI32.dll
0x00007ff9b8c10000 - 0x00007ff9b8e84000 	C:\WINDOWS\WinSxS\amd64_microsoft.windows.common-controls_6595b64144ccf1df_6.0.10586.0_none_8c15ae12515e1c22\COMCTL32.dll
0x00007ff9be220000 - 0x00007ff9be49d000 	C:\WINDOWS\system32\combase.dll
0x00007ff9bd280000 - 0x00007ff9bd2ea000 	C:\WINDOWS\system32\bcryptPrimitives.dll
0x00007ff9c0640000 - 0x00007ff9c067b000 	C:\WINDOWS\system32\IMM32.DLL
0x00000000675e0000 - 0x00000000676b2000 	C:\Program Files\Java\jre1.8.0_40\bin\msvcr100.dll
0x0000000067930000 - 0x00000000681b3000 	C:\Program Files\Java\jre1.8.0_40\bin\server\jvm.dll
0x00007ff9c0af0000 - 0x00007ff9c0af8000 	C:\WINDOWS\system32\PSAPI.DLL
0x00007ff9a4bd0000 - 0x00007ff9a4bd9000 	C:\WINDOWS\SYSTEM32\WSOCK32.dll
0x00007ff9c0680000 - 0x00007ff9c06eb000 	C:\WINDOWS\system32\WS2_32.dll
0x00007ff9bb7d0000 - 0x00007ff9bb7f3000 	C:\WINDOWS\SYSTEM32\WINMM.dll
0x00007ff9b8bb0000 - 0x00007ff9b8bba000 	C:\WINDOWS\SYSTEM32\VERSION.dll
0x00007ff9bb770000 - 0x00007ff9bb79c000 	C:\WINDOWS\SYSTEM32\WINMMBASE.dll
0x00007ff9bdcd0000 - 0x00007ff9bdd13000 	C:\WINDOWS\system32\cfgmgr32.dll
0x0000000068280000 - 0x000000006828f000 	C:\Program Files\Java\jre1.8.0_40\bin\verify.dll
0x0000000068250000 - 0x0000000068279000 	C:\Program Files\Java\jre1.8.0_40\bin\java.dll
0x0000000068230000 - 0x0000000068246000 	C:\Program Files\Java\jre1.8.0_40\bin\zip.dll
0x00007ff9ac330000 - 0x00007ff9ac4bc000 	C:\WINDOWS\SYSTEM32\dbghelp.dll

VM Arguments:
jvm_args: -Dfile.encoding=Cp1252 -Xbootclasspath:C:\Dev\adt-bundle-windows-x86_64-20140702\sdk\platforms\android-20\android.jar 
java_command: com.hackathon.onpar.MainActivity
java_class_path (initial): C:\Users\David\workspace (for old Eclipse)\OnPARTest\bin\classes;C:\Users\David\workspace (for old Eclipse)\OnPARTest\libs\android-support-v4.jar;C:\Users\David\workspace (for old Eclipse)\OnPARTest\libs\poi-3.13-20150929.jar
Launcher Type: SUN_STANDARD

Environment Variables:
PATH=C:/Program Files/Java/jre1.8.0_40/bin/server;C:/Program Files/Java/jre1.8.0_40/bin;C:/Program Files/Java/jre1.8.0_40/lib/amd64;C:\ProgramData\Oracle\Java\javapath;C:\Program Files (x86)\NVIDIA Corporation\PhysX\Common;C:\Program Files (x86)\Intel\iCLS Client\;C:\Program Files\Intel\iCLS Client\;C:\Windows\system32;C:\Windows;C:\Windows\System32\Wbem;C:\Windows\System32\WindowsPowerShell\v1.0\;C:\Program Files\Intel\Intel(R) Management Engine Components\DAL;C:\Program Files\Intel\Intel(R) Management Engine Components\IPT;C:\Program Files (x86)\Intel\Intel(R) Management Engine Components\DAL;C:\Program Files (x86)\Intel\Intel(R) Management Engine Components\IPT;C:\Program Files\Intel\WiFi\bin\;C:\Program Files\Common Files\Intel\WirelessCommon\;C:\Program Files\Acer\Remote Files\;C:\WINDOWS\system32;C:\WINDOWS;C:\WINDOWS\System32\Wbem;C:\WINDOWS\System32\WindowsPowerShell\v1.0\;C:\WINDOWS\system32\config\systemprofile\.dnx\bin;C:\Program Files\Microsoft DNX\Dnvm\;C:\Program Files\Microsoft SQL Server\120\Tools\Binn\;C:\Program Files (x86)\Windows Kits\10\Windows Performance Toolkit\;C:\Program Files (x86)\GtkSharp\2.12\bin;C:\Dev\adt-bundle-windows-x86_64-20140702\eclipse;
USERNAME=David
OS=Windows_NT
PROCESSOR_IDENTIFIER=Intel64 Family 6 Model 69 Stepping 1, GenuineIntel



---------------  S Y S T E M  ---------------

OS: Windows 10.0 , 64 bit Build 10586 (10.0.10586.0)

CPU:total 4 (2 cores per cpu, 2 threads per core) family 6 model 69 stepping 1, cmov, cx8, fxsr, mmx, sse, sse2, sse3, ssse3, sse4.1, sse4.2, popcnt, avx, avx2, aes, clmul, erms, lzcnt, ht, tsc, tscinvbit, bmi1, bmi2

Memory: 4k page, physical 8266008k(3985820k free), swap 9576728k(3649504k free)

vm_info: Java HotSpot(TM) 64-Bit Server VM (25.40-b25) for windows-amd64 JRE (1.8.0_40-b25), built on Feb 10 2015 21:53:57 by "java_re" with MS VC++ 10.0 (VS2010)

time: Sat Mar 05 14:27:37 2016
elapsed time: 0 seconds (0d 0h 0m 0s)

